2405:2300:ff00::/42
2405:2300:ff00::/46
2405:2300:ff01::/48
2405:2300:ff02::/48
2405:2300:ff03::/48
2405:2300:ff04::/47
2405:2300:ff04::/48
2405:2300:ff05::/48
2405:2300:ff06::/48
2405:2300:ff07::/48
2405:2300:ff08::/48
2405:2300:ff09::/48
2405:2300:ff0a::/48
2405:2300:ff0b::/48
2405:2300:ff0c::/48
2405:2300:ff0e::/48
2405:2300:ff0f::/48
2405:2300:ff41::/48
2405:2300:ff42::/48
2405:2300:ff71::/48
2405:2300:ff72::/48
2620:119:5000::/41
2620:119:5000::/42
2620:119:5000::/48
2620:119:5001::/48
2620:119:5002::/48
2620:119:5003::/48
2620:119:5005::/48
2620:119:5006::/48
2620:119:5007::/48
2620:119:5008::/48
2620:119:5009::/48
2620:119:500a::/48
2620:119:500b::/48
2620:119:500c::/48
2620:119:500d::/48
2620:119:500e::/48
2620:119:500f::/48
2620:119:5041::/48
2620:119:5071::/48
2620:119:5072::/48
2620:119:50d2::/48
2a05:f507::/41
2a05:f507::/42
2a05:f507::/42
2a05:f507::/48
2a05:f507:1::/48
2a05:f507:1::/48
2a05:f507:2::/48
2a05:f507:2::/48
2a05:f507:3::/48
2a05:f507:3::/48
2a05:f507:4::/48
2a05:f507:4::/48
2a05:f507:5::/48
2a05:f507:5::/48
2a05:f507:6::/48
2a05:f507:6::/48
2a05:f507:7::/48
2a05:f507:7::/48
2a05:f507:8::/48
2a05:f507:8::/48
2a05:f507:9::/48
2a05:f507:9::/48
2a05:f507:a::/48
2a05:f507:a::/48
2a05:f507:b::/48
2a05:f507:c::/48
2a05:f507:41::/48
2a05:f507:42::/48
2a05:f507:45::/48
2a05:f507:71::/48
2a05:f507:72::/48
2a05:f507:75::/48
2405:2300::/32
2405:2300:1::/48
2405:2300:2::/48
2405:2300:3::/48
2405:2300:4::/48
2405:2300:5::/48
2405:2300:6::/48
2405:2300:7::/48
2405:2300:8::/48
2405:2300:9::/48
2405:2300:a::/48
2405:2300:b::/48
2405:2300:c::/48
2405:2300:d::/48
2405:2300:e::/48
2405:2300:f::/48
2405:2300:100::/48
2405:2300:101::/48
2405:2300:102::/48
2405:2300:10f::/48
2620:109:c000::/44
2620:109:c001::/48
2620:109:c002::/48
2620:109:c004::/48
2620:109:c006::/48
2620:109:c00a::/48
2620:109:c00b::/48
2620:109:c00c::/48
2620:109:c00e::/48
2620:109:c00f::/48
2620:119:5000::/40
2620:119:5040::/48
2620:119:5081::/48
2620:119:5082::/48
2620:119:5083::/48
2620:119:5084::/48
2620:119:50c0::/48
2620:119:50e0::/44
2620:119:50e0::/48
2620:119:50e1::/48
2620:119:50e2::/48
2620:119:50e3::/48
2620:119:50e4::/48
2620:119:50e5::/48
2620:119:50e6::/48
2620:119:50e7::/48
2620:119:50e8::/48
2a04:f540::/29
2a04:f540:1::/48
2a05:f500::/29
2a05:f500:1::/48
2a05:f500:10::/48
2a05:f500:11::/48
2a05:f506::/48
2620:109:c003::/48
2620:109:c006::/48
2405:2300:ff00::/42
2405:2300:ff00::/46
2405:2300:ff01::/48
2405:2300:ff02::/48
2405:2300:ff03::/48
2405:2300:ff04::/47
2405:2300:ff04::/48
2405:2300:ff05::/48
2405:2300:ff06::/48
2405:2300:ff07::/48
2405:2300:ff08::/48
2405:2300:ff09::/48
2405:2300:ff0a::/48
2405:2300:ff0b::/48
2405:2300:ff0c::/48
2405:2300:ff0e::/48
2405:2300:ff0f::/48
2405:2300:ff41::/48
2405:2300:ff42::/48
2405:2300:ff71::/48
2405:2300:ff72::/48
2620:119:5000::/41
2620:119:5000::/42
2620:119:5000::/48
2620:119:5001::/48
2620:119:5002::/48
2620:119:5003::/48
2620:119:5005::/48
2620:119:5006::/48
2620:119:5007::/48
2620:119:5008::/48
2620:119:5009::/48
2620:119:500a::/48
2620:119:500b::/48
2620:119:500c::/48
2620:119:500d::/48
2620:119:500e::/48
2620:119:500f::/48
2620:119:5041::/48
2620:119:5071::/48
2620:119:5072::/48
2620:119:50d2::/48
2a05:f507::/41
2a05:f507::/42
2a05:f507::/42
2a05:f507::/48
2a05:f507:1::/48
2a05:f507:1::/48
2a05:f507:2::/48
2a05:f507:2::/48
2a05:f507:3::/48
2a05:f507:3::/48
2a05:f507:4::/48
2a05:f507:4::/48
2a05:f507:5::/48
2a05:f507:5::/48
2a05:f507:6::/48
2a05:f507:6::/48
2a05:f507:7::/48
2a05:f507:7::/48
2a05:f507:8::/48
2a05:f507:8::/48
2a05:f507:9::/48
2a05:f507:9::/48
2a05:f507:a::/48
2a05:f507:a::/48
2a05:f507:b::/48
2a05:f507:c::/48
2a05:f507:41::/48
2a05:f507:42::/48
2a05:f507:45::/48
2a05:f507:71::/48
2a05:f507:72::/48
2a05:f507:75::/48
2405:2300::/32
2405:2300:1::/48
2405:2300:2::/48
2405:2300:3::/48
2405:2300:4::/48
2405:2300:5::/48
2405:2300:6::/48
2405:2300:7::/48
2405:2300:8::/48
2405:2300:9::/48
2405:2300:a::/48
2405:2300:b::/48
2405:2300:c::/48
2405:2300:d::/48
2405:2300:e::/48
2405:2300:f::/48
2405:2300:100::/48
2405:2300:101::/48
2405:2300:102::/48
2405:2300:10f::/48
2620:109:c000::/44
2620:109:c001::/48
2620:109:c002::/48
2620:109:c004::/48
2620:109:c006::/48
2620:109:c00a::/48
2620:109:c00b::/48
2620:109:c00c::/48
2620:109:c00e::/48
2620:109:c00f::/48
2620:119:5000::/40
2620:119:5040::/48
2620:119:5081::/48
2620:119:5082::/48
2620:119:5083::/48
2620:119:5084::/48
2620:119:50c0::/48
2620:119:50e0::/44
2620:119:50e0::/48
2620:119:50e1::/48
2620:119:50e2::/48
2620:119:50e3::/48
2620:119:50e4::/48
2620:119:50e5::/48
2620:119:50e6::/48
2620:119:50e7::/48
2620:119:50e8::/48
2a04:f540::/29
2a04:f540:1::/48
2a05:f500::/29
2a05:f500:1::/48
2a05:f500:10::/48
2a05:f500:11::/48
2a05:f506::/48
2620:109:c003::/48
2620:109:c006::/48
2405:2300:ff00::/42
2405:2300:ff00::/46
2405:2300:ff01::/48
2405:2300:ff02::/48
2405:2300:ff03::/48
2405:2300:ff04::/47
2405:2300:ff04::/48
2405:2300:ff05::/48
2405:2300:ff06::/48
2405:2300:ff07::/48
2405:2300:ff08::/48
2405:2300:ff09::/48
2405:2300:ff0a::/48
2405:2300:ff0b::/48
2405:2300:ff0c::/48
2405:2300:ff0e::/48
2405:2300:ff0f::/48
2405:2300:ff41::/48
2405:2300:ff42::/48
2405:2300:ff71::/48
2405:2300:ff72::/48
2620:119:5000::/41
2620:119:5000::/42
2620:119:5000::/48
2620:119:5001::/48
2620:119:5002::/48
2620:119:5003::/48
2620:119:5005::/48
2620:119:5006::/48
2620:119:5007::/48
2620:119:5008::/48
2620:119:5009::/48
2620:119:500a::/48
2620:119:500b::/48
2620:119:500c::/48
2620:119:500d::/48
2620:119:500e::/48
2620:119:500f::/48
2620:119:5041::/48
2620:119:5071::/48
2620:119:5072::/48
2620:119:50d2::/48
2a05:f507::/41
2a05:f507::/42
2a05:f507::/42
2a05:f507::/48
2a05:f507:1::/48
2a05:f507:1::/48
2a05:f507:2::/48
2a05:f507:2::/48
2a05:f507:3::/48
2a05:f507:3::/48
2a05:f507:4::/48
2a05:f507:4::/48
2a05:f507:5::/48
2a05:f507:5::/48
2a05:f507:6::/48
2a05:f507:6::/48
2a05:f507:7::/48
2a05:f507:7::/48
2a05:f507:8::/48
2a05:f507:8::/48
2a05:f507:9::/48
2a05:f507:9::/48
2a05:f507:a::/48
2a05:f507:a::/48
2a05:f507:b::/48
2a05:f507:c::/48
2a05:f507:41::/48
2a05:f507:42::/48
2a05:f507:45::/48
2a05:f507:71::/48
2a05:f507:72::/48
2a05:f507:75::/48
2405:2300::/32
2405:2300:1::/48
2405:2300:2::/48
2405:2300:3::/48
2405:2300:4::/48
2405:2300:5::/48
2405:2300:6::/48
2405:2300:7::/48
2405:2300:8::/48
2405:2300:9::/48
2405:2300:a::/48
2405:2300:b::/48
2405:2300:c::/48
2405:2300:d::/48
2405:2300:e::/48
2405:2300:f::/48
2405:2300:100::/48
2405:2300:101::/48
2405:2300:102::/48
2405:2300:10f::/48
2620:109:c000::/44
2620:109:c001::/48
2620:109:c002::/48
2620:109:c004::/48
2620:109:c006::/48
2620:109:c00a::/48
2620:109:c00b::/48
2620:109:c00c::/48
2620:109:c00e::/48
2620:109:c00f::/48
2620:119:5000::/40
2620:119:5040::/48
2620:119:5081::/48
2620:119:5082::/48
2620:119:5083::/48
2620:119:5084::/48
2620:119:50c0::/48
2620:119:50e0::/44
2620:119:50e0::/48
2620:119:50e1::/48
2620:119:50e2::/48
2620:119:50e3::/48
2620:119:50e4::/48
2620:119:50e5::/48
2620:119:50e6::/48
2620:119:50e7::/48
2620:119:50e8::/48
2a04:f540::/29
2a04:f540:1::/48
2a05:f500::/29
2a05:f500:1::/48
2a05:f500:10::/48
2a05:f500:11::/48
2a05:f506::/48
2620:109:c003::/48
2620:109:c006::/48
2405:2300:ff00::/42
2405:2300:ff00::/46
2405:2300:ff01::/48
2405:2300:ff02::/48
2405:2300:ff03::/48
2405:2300:ff04::/47
2405:2300:ff04::/48
2405:2300:ff05::/48
2405:2300:ff06::/48
2405:2300:ff07::/48
2405:2300:ff08::/48
2405:2300:ff09::/48
2405:2300:ff0a::/48
2405:2300:ff0b::/48
2405:2300:ff0c::/48
2405:2300:ff0e::/48
2405:2300:ff0f::/48
2405:2300:ff41::/48
2405:2300:ff42::/48
2405:2300:ff71::/48
2405:2300:ff72::/48
2620:119:5000::/41
2620:119:5000::/42
2620:119:5000::/48
2620:119:5001::/48
2620:119:5002::/48
2620:119:5003::/48
2620:119:5005::/48
2620:119:5006::/48
2620:119:5007::/48
2620:119:5008::/48
2620:119:5009::/48
2620:119:500a::/48
2620:119:500b::/48
2620:119:500c::/48
2620:119:500d::/48
2620:119:500e::/48
2620:119:500f::/48
2620:119:5041::/48
2620:119:5071::/48
2620:119:5072::/48
2620:119:50d2::/48
2a05:f507::/41
2a05:f507::/42
2a05:f507::/42
2a05:f507::/48
2a05:f507:1::/48
2a05:f507:1::/48
2a05:f507:2::/48
2a05:f507:2::/48
2a05:f507:3::/48
2a05:f507:3::/48
2a05:f507:4::/48
2a05:f507:4::/48
2a05:f507:5::/48
2a05:f507:5::/48
2a05:f507:6::/48
2a05:f507:6::/48
2a05:f507:7::/48
2a05:f507:7::/48
2a05:f507:8::/48
2a05:f507:8::/48
2a05:f507:9::/48
2a05:f507:9::/48
2a05:f507:a::/48
2a05:f507:a::/48
2a05:f507:b::/48
2a05:f507:c::/48
2a05:f507:41::/48
2a05:f507:42::/48
2a05:f507:45::/48
2a05:f507:71::/48
2a05:f507:72::/48
2a05:f507:75::/48
2405:2300::/32
2405:2300:1::/48
2405:2300:2::/48
2405:2300:3::/48
2405:2300:4::/48
2405:2300:5::/48
2405:2300:6::/48
2405:2300:7::/48
2405:2300:8::/48
2405:2300:9::/48
2405:2300:a::/48
2405:2300:b::/48
2405:2300:c::/48
2405:2300:d::/48
2405:2300:e::/48
2405:2300:f::/48
2405:2300:100::/48
2405:2300:101::/48
2405:2300:102::/48
2405:2300:10f::/48
2620:109:c000::/44
2620:109:c001::/48
2620:109:c002::/48
2620:109:c004::/48
2620:109:c006::/48
2620:109:c00a::/48
2620:109:c00b::/48
2620:109:c00c::/48
2620:109:c00e::/48
2620:109:c00f::/48
2620:119:5000::/40
2620:119:5040::/48
2620:119:5081::/48
2620:119:5082::/48
2620:119:5083::/48
2620:119:5084::/48
2620:119:50c0::/48
2620:119:50e0::/44
2620:119:50e0::/48
2620:119:50e1::/48
2620:119:50e2::/48
2620:119:50e3::/48
2620:119:50e4::/48
2620:119:50e5::/48
2620:119:50e6::/48
2620:119:50e7::/48
2620:119:50e8::/48
2a04:f540::/29
2a04:f540:1::/48
2a05:f500::/29
2a05:f500:1::/48
2a05:f500:10::/48
2a05:f500:11::/48
2a05:f506::/48
2620:109:c003::/48
2620:109:c006::/48
2405:2300:ff00::/42
2405:2300:ff00::/46
2405:2300:ff01::/48
2405:2300:ff02::/48
2405:2300:ff03::/48
2405:2300:ff04::/47
2405:2300:ff04::/48
2405:2300:ff05::/48
2405:2300:ff06::/48
2405:2300:ff07::/48
2405:2300:ff08::/48
2405:2300:ff09::/48
2405:2300:ff0a::/48
2405:2300:ff0b::/48
2405:2300:ff0c::/48
2405:2300:ff0e::/48
2405:2300:ff0f::/48
2405:2300:ff41::/48
2405:2300:ff42::/48
2405:2300:ff71::/48
2405:2300:ff72::/48
2620:119:5000::/41
2620:119:5000::/42
2620:119:5000::/48
2620:119:5001::/48
2620:119:5002::/48
2620:119:5003::/48
2620:119:5005::/48
2620:119:5006::/48
2620:119:5007::/48
2620:119:5008::/48
2620:119:5009::/48
2620:119:500a::/48
2620:119:500b::/48
2620:119:500c::/48
2620:119:500d::/48
2620:119:500e::/48
2620:119:500f::/48
2620:119:5041::/48
2620:119:5071::/48
2620:119:5072::/48
2620:119:50d2::/48
2a05:f507::/41
2a05:f507::/42
2a05:f507::/42
2a05:f507::/48
2a05:f507:1::/48
2a05:f507:1::/48
2a05:f507:2::/48
2a05:f507:2::/48
2a05:f507:3::/48
2a05:f507:3::/48
2a05:f507:4::/48
2a05:f507:4::/48
2a05:f507:5::/48
2a05:f507:5::/48
2a05:f507:6::/48
2a05:f507:6::/48
2a05:f507:7::/48
2a05:f507:7::/48
2a05:f507:8::/48
2a05:f507:8::/48
2a05:f507:9::/48
2a05:f507:9::/48
2a05:f507:a::/48
2a05:f507:a::/48
2a05:f507:b::/48
2a05:f507:c::/48
2a05:f507:41::/48
2a05:f507:42::/48
2a05:f507:45::/48
2a05:f507:71::/48
2a05:f507:72::/48
2a05:f507:75::/48
2405:2300::/32
2405:2300:1::/48
2405:2300:2::/48
2405:2300:3::/48
2405:2300:4::/48
2405:2300:5::/48
2405:2300:6::/48
2405:2300:7::/48
2405:2300:8::/48
2405:2300:9::/48
2405:2300:a::/48
2405:2300:b::/48
2405:2300:c::/48
2405:2300:d::/48
2405:2300:e::/48
2405:2300:f::/48
2405:2300:100::/48
2405:2300:101::/48
2405:2300:102::/48
2405:2300:10f::/48
2620:109:c000::/44
2620:109:c001::/48
2620:109:c002::/48
2620:109:c004::/48
2620:109:c006::/48
2620:109:c00a::/48
2620:109:c00b::/48
2620:109:c00c::/48
2620:109:c00e::/48
2620:109:c00f::/48
2620:119:5000::/40
2620:119:5040::/48
2620:119:5081::/48
2620:119:5082::/48
2620:119:5083::/48
2620:119:5084::/48
2620:119:50c0::/48
2620:119:50e0::/44
2620:119:50e0::/48
2620:119:50e1::/48
2620:119:50e2::/48
2620:119:50e3::/48
2620:119:50e4::/48
2620:119:50e5::/48
2620:119:50e6::/48
2620:119:50e7::/48
2620:119:50e8::/48
2a04:f540::/29
2a04:f540:1::/48
2a05:f500::/29
2a05:f500:1::/48
2a05:f500:10::/48
2a05:f500:11::/48
2a05:f506::/48
2620:109:c003::/48
2620:109:c006::/48
2405:2300:ff00::/42
2405:2300:ff00::/46
2405:2300:ff01::/48
2405:2300:ff02::/48
2405:2300:ff03::/48
2405:2300:ff04::/47
2405:2300:ff04::/48
2405:2300:ff05::/48
2405:2300:ff06::/48
2405:2300:ff07::/48
2405:2300:ff08::/48
2405:2300:ff09::/48
2405:2300:ff0a::/48
2405:2300:ff0b::/48
2405:2300:ff0c::/48
2405:2300:ff0e::/48
2405:2300:ff0f::/48
2405:2300:ff41::/48
2405:2300:ff42::/48
2405:2300:ff71::/48
2405:2300:ff72::/48
2620:119:5000::/41
2620:119:5000::/42
2620:119:5000::/48
2620:119:5001::/48
2620:119:5002::/48
2620:119:5003::/48
2620:119:5005::/48
2620:119:5006::/48
2620:119:5007::/48
2620:119:5008::/48
2620:119:5009::/48
2620:119:500a::/48
2620:119:500b::/48
2620:119:500c::/48
2620:119:500d::/48
2620:119:500e::/48
2620:119:500f::/48
2620:119:5041::/48
2620:119:5071::/48
2620:119:5072::/48
2620:119:50d2::/48
2a05:f507::/41
2a05:f507::/42
2a05:f507::/42
2a05:f507::/48
2a05:f507:1::/48
2a05:f507:1::/48
2a05:f507:2::/48
2a05:f507:2::/48
2a05:f507:3::/48
2a05:f507:3::/48
2a05:f507:4::/48
2a05:f507:4::/48
2a05:f507:5::/48
2a05:f507:5::/48
2a05:f507:6::/48
2a05:f507:6::/48
2a05:f507:7::/48
2a05:f507:7::/48
2a05:f507:8::/48
2a05:f507:8::/48
2a05:f507:9::/48
2a05:f507:9::/48
2a05:f507:a::/48
2a05:f507:a::/48
2a05:f507:b::/48
2a05:f507:c::/48
2a05:f507:41::/48
2a05:f507:42::/48
2a05:f507:45::/48
2a05:f507:71::/48
2a05:f507:72::/48
2a05:f507:75::/48
2405:2300::/32
2405:2300:1::/48
2405:2300:2::/48
2405:2300:3::/48
2405:2300:4::/48
2405:2300:5::/48
2405:2300:6::/48
2405:2300:7::/48
2405:2300:8::/48
2405:2300:9::/48
2405:2300:a::/48
2405:2300:b::/48
2405:2300:c::/48
2405:2300:d::/48
2405:2300:e::/48
2405:2300:f::/48
2405:2300:100::/48
2405:2300:101::/48
2405:2300:102::/48
2405:2300:10f::/48
2620:109:c000::/44
2620:109:c001::/48
2620:109:c002::/48
2620:109:c004::/48
2620:109:c006::/48
2620:109:c00a::/48
2620:109:c00b::/48
2620:109:c00c::/48
2620:109:c00e::/48
2620:109:c00f::/48
2620:119:5000::/40
2620:119:5040::/48
2620:119:5081::/48
2620:119:5082::/48
2620:119:5083::/48
2620:119:5084::/48
2620:119:50c0::/48
2620:119:50e0::/44
2620:119:50e0::/48
2620:119:50e1::/48
2620:119:50e2::/48
2620:119:50e3::/48
2620:119:50e4::/48
2620:119:50e5::/48
2620:119:50e6::/48
2620:119:50e7::/48
2620:119:50e8::/48
2a04:f540::/29
2a04:f540:1::/48
2a05:f500::/29
2a05:f500:1::/48
2a05:f500:10::/48
2a05:f500:11::/48
2a05:f506::/48
2620:109:c003::/48
2620:109:c006::/48
